<?xml version="1.0" encoding="UTF-8"?>
<!-- Generated by org.testng.reporters.JUnitXMLReporter -->
<testsuite hostname="DESKTOP-6D3FG3E" ignored="0" name="Test2" tests="3" failures="0" timestamp="2021-04-17T20:53:04 CEST" time="17.904" errors="0">
  <testcase name="launchURL" time="3.373" classname="com.uberall.qa.testcases.SearchLocByNamIdAddrTest"/>
  <testcase name="Login" time="0.477" classname="com.uberall.qa.testcases.SearchLocByNamIdAddrTest"/>
  <testcase name="SearchLocByNam_Id_Addr" time="13.558" classname="com.uberall.qa.testcases.SearchLocByNamIdAddrTest"/>
</testsuite> <!-- Test2 -->
