<?xml version="1.0" encoding="UTF-8"?>
<!-- Generated by org.testng.reporters.JUnitXMLReporter -->
<testsuite hostname="DESKTOP-6D3FG3E" ignored="0" name="Test" tests="4" failures="0" timestamp="2021-04-17T16:13:16 CEST" time="62.239" errors="0">
  <testcase name="launchURL" time="3.608" classname="com.uberall.qa.testcases.EditLocationIdTest"/>
  <testcase name="Login" time="0.836" classname="com.uberall.qa.testcases.EditLocationIdTest"/>
  <testcase name="SearchLocByNam_Id_Addr" time="14.153" classname="com.uberall.qa.testcases.EditLocationIdTest"/>
  <testcase name="EditLocationId" time="40.181" classname="com.uberall.qa.testcases.EditLocationIdTest"/>
</testsuite> <!-- Test -->
