<?xml version="1.0" encoding="UTF-8"?>
<!-- Generated by org.testng.reporters.JUnitXMLReporter -->
<testsuite hostname="DESKTOP-6D3FG3E" ignored="0" name="Test3" tests="4" failures="0" timestamp="2021-04-17T20:54:38 CEST" time="94.446" errors="0">
  <testcase name="launchURL" time="3.994" classname="com.uberall.qa.testcases.EditLocationIdTest"/>
  <testcase name="Login" time="0.512" classname="com.uberall.qa.testcases.EditLocationIdTest"/>
  <testcase name="SearchLocByNam_Id_Addr" time="10.179" classname="com.uberall.qa.testcases.EditLocationIdTest"/>
  <testcase name="EditLocationId" time="79.304" classname="com.uberall.qa.testcases.EditLocationIdTest"/>
</testsuite> <!-- Test3 -->
